Arguments: 
  D:\node.js\node.exe C:\Users\ASUS.DESKTOP-S5GLIEN\AppData\Roaming\npm\node_modules\yarn\bin\yarn.js

PATH: 
  C:\Program Files (x86)\Intel\iCLS Client\;C:\Program Files\Intel\iCLS Client\;C:\Windows\system32;C:\Windows;C:\Windows\System32\Wbem;C:\Windows\System32\WindowsPowerShell\v1.0\;C:\Program Files (x86)\Intel\Intel(R) Management Engine Components\DAL;C:\Program Files\Intel\Intel(R) Management Engine Components\DAL;C:\Program Files (x86)\Intel\Intel(R) Management Engine Components\IPT;C:\Program Files\Intel\Intel(R) Management Engine Components\IPT;C:\Program Files (x86)\NVIDIA Corporation\PhysX\Common;C:\WINDOWS\system32;C:\WINDOWS;C:\WINDOWS\System32\Wbem;C:\WINDOWS\System32\WindowsPowerShell\v1.0\;D:\node.js\;D:\Git\cmd;C:\Users\ASUS.DESKTOP-S5GLIEN\AppData\Local\Microsoft\WindowsApps;D:\Microsoft VS Code\bin;C:\Users\ASUS.DESKTOP-S5GLIEN\AppData\Roaming\npm;C:\Users\ASUS.DESKTOP-S5GLIEN\AppData\Local\GitHubDesktop\bin;C:\Users\ASUS.DESKTOP-S5GLIEN\AppData\Local\Yarn\bin;

Yarn version: 
  1.2.1

Node version: 
  9.0.0

Platform: 
  win32 x64

npm manifest: 
  {
      "name": "weex",
      "version": "1.0.0",
      "description": "A weex project",
      "main": "index.js",
      "scripts": {
          "start": "npm run serve",
          "build": "webpack",
          "build_plugin": "webpack --config ./tools/webpack.config.plugin.js --color",
          "dev": "webpack --config webpack.config.js --watch -d",
          "serve": "webpack-dev-server --config webpack.dev.js --watch --open"
      },
      "keywords": [
          "weex"
      ],
      "author": "",
      "license": "MIT",
      "dependencies": {
          "fs-extra": "^4.0.1",
          "vue": "^2.4.3",
          "weex-html5": "^0.4.1",
          "weex-vue-render": "^0.12.21"
      },
      "devDependencies": {
          "babel-core": "^6.21.0",
          "babel-loader": "^6.2.4",
          "babel-plugin-add-module-exports": "^0.2.1",
          "babel-plugin-transform-runtime": "^6.9.0",
          "babel-runtime": "^6.9.2",
          "css-loader": "^0.26.1",
          "html-webpack-plugin": "^2.30.1",
          "ip": "^1.1.5",
          "raw-loader": "^0.5.1",
          "script-ext-html-webpack-plugin": "^1.8.5",
          "vue-loader": "^12.2.0",
          "vue-template-compiler": "^2.4.3",
          "webpack": "^2.2.1",
          "webpack-dev-server": "^2.4.2",
          "webpack-merge": "^4.1.0",
          "weex-loader": "^0.5.3"
      },
      "optionalDependencies": {
          "ios-deploy": "^1.9.0"
      }
  }

yarn manifest: 
  No manifest

Lockfile: 
  No lockfile

Trace: 
  Error: connect ETIMEDOUT 114.55.80.225:443
      at Object._errnoException (util.js:1031:13)
      at _exceptionWithHostPort (util.js:1052:20)
      at TCPConnectWrap.afterConnect [as oncomplete] (net.js:1195:14)
